<?xml version="1.0" encoding="utf-8"?><testsuites name="pytest tests"><testsuite name="pytest" errors="0" failures="0" skipped="0" tests="36" time="22.883" timestamp="2026-06-25T10:46:34.727144+00:00" hostname="agent-env-915b3a65-4469-4e99-a081-a943cf479710"><testcase classname="backend.tests.backend_test.TestAuth" name="test_admin_login" time="0.399" /><testcase classname="backend.tests.backend_test.TestAuth" name="test_invalid_login" time="0.314" /><testcase classname="backend.tests.backend_test.TestAuth" name="test_forgot_password_no_enum" time="0.096" /><testcase classname="backend.tests.backend_test.TestAuth" name="test_owner_login" time="0.644" /><testcase classname="backend.tests.backend_test.TestSuperAdmin" name="test_list_businesses" time="0.046" /><testcase classname="backend.tests.backend_test.TestSuperAdmin" name="test_default_stages_seeded" time="0.050" /><testcase classname="backend.tests.backend_test.TestSuperAdmin" name="test_extend_expiry" time="0.054" /><testcase classname="backend.tests.backend_test.TestSuperAdmin" name="test_status_suspend_and_reactivate" time="0.103" /><testcase classname="backend.tests.backend_test.TestSuperAdmin" name="test_reset_password" time="0.861" /><testcase classname="backend.tests.backend_test.TestSuperAdmin" name="test_smtp_get_put" time="0.098" /><testcase classname="backend.tests.backend_test.TestGuards" name="test_admin_cannot_access_owner_routes" time="0.045" /><testcase classname="backend.tests.backend_test.TestGuards" name="test_owner_cannot_access_admin_routes" time="0.045" /><testcase classname="backend.tests.backend_test.TestGuards" name="test_expired_plan_blocks_writes" time="0.636" /><testcase classname="backend.tests.backend_test.TestCRUD" name="test_client_create_and_get" time="0.102" /><testcase classname="backend.tests.backend_test.TestCRUD" name="test_party_create" time="0.047" /><testcase classname="backend.tests.backend_test.TestCRUD" name="test_reference_create" time="0.049" /><testcase classname="backend.tests.backend_test.TestCRUD" name="test_project_create_and_summary" time="0.148" /><testcase classname="backend.tests.backend_test.TestTransactions" name="test_received_transaction_updates_summary" time="0.096" /><testcase classname="backend.tests.backend_test.TestTransactions" name="test_transaction_filters" time="0.046" /><testcase classname="backend.tests.backend_test.TestExtraWork" name="test_only_approved_adds_to_revised" time="0.141" /><testcase classname="backend.tests.backend_test.TestStages" name="test_reorder_stages" time="0.143" /><testcase classname="backend.tests.backend_test.TestStages" name="test_update_project_stage" time="0.143" /><testcase classname="backend.tests.backend_test.TestMaterials" name="test_material_counted" time="0.096" /><testcase classname="backend.tests.backend_test.TestReminders" name="test_reminder_crud" time="0.136" /><testcase classname="backend.tests.backend_test.TestDashboardReports" name="test_dashboard" time="0.052" /><testcase classname="backend.tests.backend_test.TestDashboardReports" name="test_fy_profit" time="0.052" /><testcase classname="backend.tests.backend_test.TestDashboardReports" name="test_receivables_payables" time="0.092" /><testcase classname="backend.tests.backend_test.TestUploads" name="test_upload_image_compression" time="9.909" /><testcase classname="backend.tests.backend_test.TestTenantIsolation" name="test_biz_a_cannot_see_biz_b_projects" time="0.806" /><testcase classname="backend.tests.backend_test.TestPasswordReset" name="test_forgot_for_existing_user_returns_200" time="0.157" /><testcase classname="backend.tests.backend_test.TestChangePassword" name="test_unauthenticated_rejected" time="0.105" /><testcase classname="backend.tests.backend_test.TestChangePassword" name="test_wrong_current_password_400" time="0.868" /><testcase classname="backend.tests.backend_test.TestChangePassword" name="test_new_password_too_short_400" time="0.629" /><testcase classname="backend.tests.backend_test.TestChangePassword" name="test_new_same_as_current_400" time="1.134" /><testcase classname="backend.tests.backend_test.TestChangePassword" name="test_owner_change_password_success_then_relogin" time="2.082" /><testcase classname="backend.tests.backend_test.TestChangePassword" name="test_super_admin_change_password_and_restore" time="2.382" /></testsuite></testsuites>