<?xml version="1.0" encoding="utf-8"?><testsuites name="pytest tests"><testsuite name="pytest" errors="0" failures="0" skipped="0" tests="30" time="15.978" timestamp="2026-06-25T04:16:53.676515+00:00" hostname="agent-env-915b3a65-4469-4e99-a081-a943cf479710"><testcase classname="backend.tests.backend_test.TestAuth" name="test_admin_login" time="0.452" /><testcase classname="backend.tests.backend_test.TestAuth" name="test_invalid_login" time="0.333" /><testcase classname="backend.tests.backend_test.TestAuth" name="test_forgot_password_no_enum" time="0.115" /><testcase classname="backend.tests.backend_test.TestAuth" name="test_owner_login" time="0.645" /><testcase classname="backend.tests.backend_test.TestSuperAdmin" name="test_list_businesses" time="0.049" /><testcase classname="backend.tests.backend_test.TestSuperAdmin" name="test_default_stages_seeded" time="0.045" /><testcase classname="backend.tests.backend_test.TestSuperAdmin" name="test_extend_expiry" time="0.056" /><testcase classname="backend.tests.backend_test.TestSuperAdmin" name="test_status_suspend_and_reactivate" time="0.106" /><testcase classname="backend.tests.backend_test.TestSuperAdmin" name="test_reset_password" time="0.882" /><testcase classname="backend.tests.backend_test.TestSuperAdmin" name="test_smtp_get_put" time="0.113" /><testcase classname="backend.tests.backend_test.TestGuards" name="test_admin_cannot_access_owner_routes" time="0.048" /><testcase classname="backend.tests.backend_test.TestGuards" name="test_owner_cannot_access_admin_routes" time="0.047" /><testcase classname="backend.tests.backend_test.TestGuards" name="test_expired_plan_blocks_writes" time="0.682" /><testcase classname="backend.tests.backend_test.TestCRUD" name="test_client_create_and_get" time="0.091" /><testcase classname="backend.tests.backend_test.TestCRUD" name="test_party_create" time="0.048" /><testcase classname="backend.tests.backend_test.TestCRUD" name="test_reference_create" time="0.047" /><testcase classname="backend.tests.backend_test.TestCRUD" name="test_project_create_and_summary" time="0.151" /><testcase classname="backend.tests.backend_test.TestTransactions" name="test_received_transaction_updates_summary" time="0.091" /><testcase classname="backend.tests.backend_test.TestTransactions" name="test_transaction_filters" time="0.045" /><testcase classname="backend.tests.backend_test.TestExtraWork" name="test_only_approved_adds_to_revised" time="0.135" /><testcase classname="backend.tests.backend_test.TestStages" name="test_reorder_stages" time="0.143" /><testcase classname="backend.tests.backend_test.TestStages" name="test_update_project_stage" time="0.166" /><testcase classname="backend.tests.backend_test.TestMaterials" name="test_material_counted" time="0.090" /><testcase classname="backend.tests.backend_test.TestReminders" name="test_reminder_crud" time="0.139" /><testcase classname="backend.tests.backend_test.TestDashboardReports" name="test_dashboard" time="0.053" /><testcase classname="backend.tests.backend_test.TestDashboardReports" name="test_fy_profit" time="0.048" /><testcase classname="backend.tests.backend_test.TestDashboardReports" name="test_receivables_payables" time="0.093" /><testcase classname="backend.tests.backend_test.TestUploads" name="test_upload_image_compression" time="9.982" /><testcase classname="backend.tests.backend_test.TestTenantIsolation" name="test_biz_a_cannot_see_biz_b_projects" time="0.842" /><testcase classname="backend.tests.backend_test.TestPasswordReset" name="test_forgot_for_existing_user_returns_200" time="0.166" /></testsuite></testsuites>